C51 COMPILER V9.00   PCA                                                                   11/07/2015 14:53:12 PAGE 1   


C51 COMPILER V9.00, COMPILATION OF MODULE PCA
OBJECT MODULE PLACED IN ..\out\obj\PCA.obj
COMPILER INVOKED BY: C:\Program Files\Keil\C51\BIN\C51.EXE ..\source\PCA.c LARGE BROWSE INCDIR(..\OS;..\include) DEBUG O
                    -BJECTEXTEND PRINT(..\out\list\PCA.lst) OBJECT(..\out\obj\PCA.obj)

line level    source

   1          #include "sys.h"
   2          #include "PCA.h"
   3          #include "tone.h"
   4          
   5          
   6          void PCAInit(void)
   7          {
   8   1              ACC = P_SW1;
   9   1              ACC &= ~(CCP_S0 | CCP_S1);      //CCP_S0=0 CCP_S1=0
  10   1              P_SW1 = ACC;                    //(P1.2/ECI, P1.1/CCP0, P1.0/CCP1, P3.7/CCP2)
  11   1              CCON = 0;                     
  12   1              CL = 0;                       
  13   1              CH = 0;
  14   1              CMOD = 0x00; 
  15   1      //      IP |= 0x80;
  16   1      ////////////PCA0//////////////
  17   1              CCAPM0 = 0;
  18   1              CR = 1;                    
  19   1      //      EA = 1;
  20   1      
  21   1      
  22   1      }
  23          
  24          
  25          void PCA0_Isr(void)
  26          {
  27   1              CCF0 = 0;  
  28   1              PWMIsr();
  29   1      }
  30          
  31          void PCA1_Isr(void)
  32          {               
  33   1              CCF1 = 0;
  34   1      }
  35          
  36          void PCA_Isr() interrupt 7 using 1
  37          {
  38   1              if(CCF0 == 1)
  39   1              {
  40   2                      PCA0_Isr();
  41   2              }
  42   1              
  43   1              if(CCF1 == 1)
  44   1              {               
  45   2                      PCA1_Isr();
  46   2              }
  47   1      
  48   1      }
  49          
  50          
  51          ///////////////////////////////////////////////////////////////////////////
  52          


C51 COMPILER V9.00   PCA                                                                   11/07/2015 14:53:12 PAGE 2   

MODULE INFORMATION:   STATIC OVERLAYABLE
   CODE SIZE        =     73    ----
   CONSTANT SIZE    =   ----    ----
   XDATA SIZE       =   ----    ----
   PDATA SIZE       =   ----    ----
   DATA SIZE        =   ----    ----
   IDATA SIZE       =   ----    ----
   BIT SIZE         =   ----    ----
END OF MODULE INFORMATION.


C51 COMPILATION COMPLETE.  0 WARNING(S),  0 ERROR(S)
